c:\users\karol\amtslayyerr\amt\amt\x64\debug\vc143.pdb
c:\users\karol\amtslayyerr\amt\amt\x64\debug\vc143.idb
c:\users\karol\amtslayyerr\amt\amt\x64\debug\vbo.obj
c:\users\karol\amtslayyerr\amt\amt\x64\debug\vao.obj
c:\users\karol\amtslayyerr\amt\amt\x64\debug\texture.obj
c:\users\karol\amtslayyerr\amt\amt\x64\debug\stb.obj
c:\users\karol\amtslayyerr\amt\amt\x64\debug\sphere.obj
c:\users\karol\amtslayyerr\amt\amt\x64\debug\spawner.obj
c:\users\karol\amtslayyerr\amt\amt\x64\debug\shaderclass.obj
c:\users\karol\amtslayyerr\amt\amt\x64\debug\player.obj
c:\users\karol\amtslayyerr\amt\amt\x64\debug\main.obj
c:\users\karol\amtslayyerr\amt\amt\x64\debug\hp.obj
c:\users\karol\amtslayyerr\amt\amt\x64\debug\enemystate.obj
c:\users\karol\amtslayyerr\amt\amt\x64\debug\ebo.obj
c:\users\karol\amtslayyerr\amt\amt\x64\debug\demo.obj
c:\users\karol\amtslayyerr\amt\amt\x64\debug\crosshair.obj
c:\users\karol\amtslayyerr\amt\amt\x64\debug\camera.obj
c:\users\karol\amtslayyerr\amt\amt\x64\debug\antgrunt.obj
c:\users\karol\amtslayyerr\amt\amt\x64\debug\glad.obj
c:\users\karol\amtslayyerr\amt\x64\debug\amt.exe
c:\users\karol\amtslayyerr\amt\x64\debug\amt.pdb
c:\users\karol\amtslayyerr\amt\amt\x64\debug\amt.ilk
c:\users\karol\amtslayyerr\amt\amt\x64\debug\amt.tlog\cl.command.1.tlog
c:\users\karol\amtslayyerr\amt\amt\x64\debug\amt.tlog\cl.items.tlog
c:\users\karol\amtslayyerr\amt\amt\x64\debug\amt.tlog\cl.read.1.tlog
c:\users\karol\amtslayyerr\amt\amt\x64\debug\amt.tlog\cl.write.1.tlog
c:\users\karol\amtslayyerr\amt\amt\x64\debug\amt.tlog\link.command.1.tlog
c:\users\karol\amtslayyerr\amt\amt\x64\debug\amt.tlog\link.read.1.tlog
c:\users\karol\amtslayyerr\amt\amt\x64\debug\amt.tlog\link.secondary.1.tlog
c:\users\karol\amtslayyerr\amt\amt\x64\debug\amt.tlog\link.write.1.tlog
